2022.10.22 16:27:20 INFO  tracing is disabled for protocol LSP, to enable tracing of incoming and outgoing JSON messages create an empty file at /home/wicked/Downloads/spark-csv/.metals/lsp.trace.json or /home/wicked/.cache/metals/lsp.trace.json
2022.10.22 16:27:21 INFO  logging to file /home/wicked/Downloads/spark-csv/.metals/metals.log
2022.10.22 16:27:21 INFO  Started: Metals version 0.11.9 in workspace '/home/wicked/Downloads/spark-csv' for client Visual Studio Code 1.71.0.
2022.10.22 16:27:22 INFO  time: initialize in 1.37s
2022.10.22 16:27:24 WARN  Build server is not auto-connectable.
2022.10.22 16:27:24 WARN  Unsupported sbt version 0.13.9
2022.10.22 16:27:24 WARN  no build target for: /home/wicked/Downloads/spark-csv/build.sbt
2022.10.22 16:27:28 INFO  no build target found for /home/wicked/Downloads/spark-csv/build.sbt. Using presentation compiler with project's scala-library version: 3.2.0
2022.10.22 16:27:30 INFO  time: code lens generation in 4.91s
2022.10.22 16:39:21 WARN  Unsupported sbt version 0.13.9
2022.10.22 16:49:42 WARN  Unsupported sbt version 0.13.9
2022.10.22 16:50:05 WARN  no build target for: /home/wicked/Downloads/spark-csv/build.sbt
2022.10.22 16:51:12 WARN  no build target for: /home/wicked/Downloads/spark-csv/build.sbt
2022.10.22 16:51:12 WARN  Unsupported sbt version 0.13.9
2022.10.22 16:52:06 WARN  no build target for: /home/wicked/Downloads/spark-csv/project/assembly.sbt
2022.10.22 16:52:19 WARN  no build target for: /home/wicked/Downloads/spark-csv/project/plugins.sbt
2022.10.22 17:04:03 WARN  no build target for: /home/wicked/Downloads/spark-csv/src/main/scala/com/databricks/spark/csv/DefaultSource15.scala
2022.10.22 17:04:54 WARN  no build target for: /home/wicked/Downloads/spark-csv/src/main/scala/com/databricks/spark/csv/package.scala
2022.10.22 17:05:15 WARN  no build target for: /home/wicked/Downloads/spark-csv/src/main/scala/com/scoot/spark/csv/package.scala
2022.10.22 17:05:28 WARN  no build target for: /home/wicked/Downloads/spark-csv/src/main/scala/com/scoot/spark/sfdcapi/package.scala
2022.10.22 17:05:38 WARN  no build target for: /home/wicked/Downloads/spark-csv/src/main/scala/com/scoot/spark/sfdcapi/DefaultSource.scala
2022.10.22 17:05:51 WARN  no build target for: /home/wicked/Downloads/spark-csv/src/main/scala/com/scoot/spark/sfdcapi/DefaultSource.scala
Oct 22, 2022 5:06:31 PM org.eclipse.lsp4j.jsonrpc.RemoteEndpoint handleCancellation
WARNING: Unmatched cancel notification for request id 382
2022.10.22 17:06:35 WARN  no build target for: /home/wicked/Downloads/spark-csv/src/main/scala/com/scoot/spark/sfdcapi/DefaultSource.scala
Oct 22, 2022 5:07:41 PM org.eclipse.lsp4j.jsonrpc.RemoteEndpoint handleCancellation
WARNING: Unmatched cancel notification for request id 495
Oct 22, 2022 5:07:42 PM org.eclipse.lsp4j.jsonrpc.RemoteEndpoint handleCancellation
WARNING: Unmatched cancel notification for request id 507
Oct 22, 2022 5:07:43 PM org.eclipse.lsp4j.jsonrpc.RemoteEndpoint handleCancellation
WARNING: Unmatched cancel notification for request id 513
2022.10.22 17:07:47 WARN  no build target for: /home/wicked/Downloads/spark-csv/src/main/scala/com/scoot/spark/sfdcapi/DefaultSource.scala
2022.10.22 17:07:48 WARN  no build target for: /home/wicked/Downloads/spark-csv/src/main/scala/com/scoot/spark/sfdcapi/DefaultSource.scala
2022.10.22 17:08:44 WARN  no build target for: /home/wicked/Downloads/spark-csv/src/main/scala/com/scoot/spark/sfdcapi/DefaultSource.scala
2022.10.22 17:09:49 WARN  no build target for: /home/wicked/Downloads/spark-csv/src/main/scala/com/scoot/spark/sfdcapi/util/TextFile.scala
2022.10.22 17:10:40 WARN  no build target for: /home/wicked/Downloads/spark-csv/src/main/scala/com/scoot/spark/sfdcapi/DefaultSource.scala
2022.10.22 17:10:53 WARN  no build target for: /home/wicked/Downloads/spark-csv/src/main/scala/com/scoot/spark/sfdcapi/util/TextFile.scala
2022.10.22 17:11:49 WARN  no build target for: /home/wicked/Downloads/spark-csv/src/main/scala/com/scoot/spark/sfdcapi/DefaultSource.scala
2022.10.22 17:12:05 WARN  no build target for: /home/wicked/Downloads/spark-csv/src/main/scala/com/scoot/spark/sfdcapi/package.scala
2022.10.22 17:12:17 WARN  no build target for: /home/wicked/Downloads/spark-csv/src/main/scala/com/scoot/spark/sfdcapi/package.scala
2022.10.22 17:12:44 WARN  no build target for: /home/wicked/Downloads/spark-csv/src/main/scala/com/scoot/spark/sfdcapi/package.scala
2022.10.22 17:12:49 WARN  no build target for: /home/wicked/Downloads/spark-csv/build.sbt
2022.10.22 17:12:49 WARN  Unsupported sbt version 0.13.9
2022.10.22 17:13:05 WARN  no build target for: /home/wicked/Downloads/spark-csv/src/main/scala/com/scoot/spark/sfdcapi/SfdcApiRelation.scala
2022.10.22 17:13:17 WARN  no build target for: /home/wicked/Downloads/spark-csv/src/main/scala/com/scoot/spark/sfdcapi/SfdcApiRelation.scala
2022.10.22 17:21:38 WARN  no build target for: /home/wicked/Downloads/spark-csv/src/main/scala/com/scoot/spark/sfdcapi/SfdcApiRelation.scala
2022.10.22 17:21:44 WARN  no build target for: /home/wicked/Downloads/spark-csv/src/main/scala/com/scoot/spark/sfdcapi/SfdcApiRelation.scala
2022.10.22 17:30:26 WARN  no build target for: /home/wicked/Downloads/spark-csv/src/main/scala/com/scoot/spark/sfdcapi/SfdcApiRelation.scala
2022.10.22 17:32:01 WARN  no build target for: /home/wicked/Downloads/spark-csv/src/main/scala/com/scoot/spark/sfdcapi/util/ParseModes.scala
2022.10.22 17:32:30 WARN  no build target for: /home/wicked/Downloads/spark-csv/src/main/scala/com/scoot/spark/sfdcapi/util/ParseModes.scala
2022.10.22 17:33:16 WARN  no build target for: /home/wicked/Downloads/spark-csv/src/main/scala/com/scoot/spark/sfdcapi/SfdcApiRelation.scala
2022.10.22 17:33:20 WARN  no build target for: /home/wicked/Downloads/spark-csv/src/main/scala/com/scoot/spark/sfdcapi/SfdcApiRelation.scala
2022.10.22 17:33:44 WARN  no build target for: /home/wicked/Downloads/spark-csv/src/main/scala/com/scoot/spark/sfdcapi/SfdcApiRelation.scala
2022.10.22 17:33:45 WARN  no build target for: /home/wicked/Downloads/spark-csv/src/main/scala/com/scoot/spark/sfdcapi/util/ParserLibs.scala
Oct 22, 2022 5:33:53 PM org.eclipse.lsp4j.jsonrpc.RemoteEndpoint handleCancellation
WARNING: Unmatched cancel notification for request id 1206
2022.10.22 17:33:53 WARN  no build target for: /home/wicked/Downloads/spark-csv/src/main/scala/com/scoot/spark/sfdcapi/util/ParserLibs.scala
2022.10.22 17:34:45 WARN  no build target for: /home/wicked/Downloads/spark-csv/src/main/scala/com/scoot/spark/sfdcapi/util/ParserLibs.scala
2022.10.22 17:34:56 WARN  no build target for: /home/wicked/Downloads/spark-csv/src/main/scala/com/scoot/spark/sfdcapi/util/TypeCast.scala
2022.10.22 17:55:37 WARN  no build target for: /home/wicked/Downloads/spark-csv/src/main/scala/com/scoot/spark/sfdcapi/DefaultSource.scala
2022.10.22 18:08:47 WARN  no build target for: /home/wicked/Downloads/spark-csv/src/main/scala/com/scoot/spark/sfdcapi/SfdcApiRelation.scala
2022.10.22 18:08:53 WARN  no build target for: /home/wicked/Downloads/spark-csv/src/main/scala/com/scoot/spark/sfdcapi/SfdcApiRelation.scala
2022.10.22 18:10:05 WARN  no build target for: /home/wicked/Downloads/spark-csv/src/main/scala/com/scoot/spark/sfdcapi/util/TextFile.scala
2022.10.22 18:19:47 WARN  no build target for: /home/wicked/Downloads/spark-csv/src/main/scala/com/scoot/spark/sfdcapi/util/SfdcReader.scala
2022.10.22 18:20:00 WARN  no build target for: /home/wicked/Downloads/spark-csv/src/main/scala/com/scoot/spark/sfdcapi/util/SfdcReader.scala
2022.10.22 18:21:04 WARN  no build target for: /home/wicked/Downloads/spark-csv/src/main/scala/com/scoot/spark/sfdcapi/util/SfdcReader.scala
2022.10.22 18:21:20 WARN  no build target for: /home/wicked/Downloads/spark-csv/src/main/scala/com/scoot/spark/sfdcapi/util/SfdcReader.scala
2022.10.22 18:21:24 WARN  no build target for: /home/wicked/Downloads/spark-csv/src/main/scala/com/scoot/spark/sfdcapi/util/SfdcReader.scala
2022.10.22 18:22:04 WARN  no build target for: /home/wicked/Downloads/spark-csv/src/main/scala/com/scoot/spark/sfdcapi/util/CompressionCodecs.scala
2022.10.22 18:22:18 WARN  no build target for: /home/wicked/Downloads/spark-csv/src/main/scala/com/scoot/spark/sfdcapi/package.scala
2022.10.22 18:22:44 WARN  no build target for: /home/wicked/Downloads/spark-csv/src/main/scala/com/scoot/spark/sfdcapi/readers/readers.scala
2022.10.22 18:23:08 WARN  no build target for: /home/wicked/Downloads/spark-csv/src/main/scala/com/scoot/spark/sfdcapi/SfdcApiRelation.scala
2022.10.22 18:23:55 WARN  no build target for: /home/wicked/Downloads/spark-csv/src/main/scala/com/scoot/spark/sfdcapi/DefaultSource.scala
2022.10.22 18:24:04 WARN  no build target for: /home/wicked/Downloads/spark-csv/src/main/scala/com/scoot/spark/sfdcapi/DefaultSource.scala
2022.10.22 18:24:22 WARN  no build target for: /home/wicked/Downloads/spark-csv/src/main/scala/com/scoot/spark/sfdcapi/DefaultSource.scala
2022.10.22 18:24:51 WARN  no build target for: /home/wicked/Downloads/spark-csv/src/main/scala/com/scoot/spark/sfdcapi/DefaultSource.scala
2022.10.22 18:24:56 WARN  no build target for: /home/wicked/Downloads/spark-csv/src/main/scala/com/scoot/spark/sfdcapi/DefaultSource.scala
2022.10.22 18:25:29 WARN  no build target for: /home/wicked/Downloads/spark-csv/src/main/scala/com/scoot/spark/sfdcapi/DefaultSource.scala
2022.10.22 19:18:34 WARN  no build target for: /home/wicked/Downloads/spark-csv/build.sbt
2022.10.22 19:18:34 WARN  Unsupported sbt version 0.13.9
2022.10.22 21:20:06 WARN  no build target for: /home/wicked/Downloads/spark-csv/src/main/scala/com/scoot/spark/sfdcapi/util/SfdcReader.scala
2022.10.23 16:03:31 WARN  no build target for: /home/wicked/Downloads/spark-csv/build.sbt
2022.10.23 16:03:31 WARN  Unsupported sbt version 0.13.9
2022.10.23 16:15:43 WARN  no build target for: /home/wicked/Downloads/spark-csv/src/main/scala/com/scoot/spark/sfdcapi/util/SfdcReader.scala
2022.10.25 13:18:48 INFO  tracing is disabled for protocol LSP, to enable tracing of incoming and outgoing JSON messages create an empty file at /home/wicked/Downloads/spark-csv/.metals/lsp.trace.json or /home/wicked/.cache/metals/lsp.trace.json
2022.10.25 13:18:49 INFO  logging to file /home/wicked/Downloads/spark-csv/.metals/metals.log
2022.10.25 13:18:49 INFO  Started: Metals version 0.11.9 in workspace '/home/wicked/Downloads/spark-csv' for client Visual Studio Code 1.71.0.
2022.10.25 13:18:50 INFO  time: initialize in 1.6s
2022.10.25 13:18:52 WARN  Build server is not auto-connectable.
2022.10.25 13:18:52 WARN  no build target for: /home/wicked/Downloads/spark-csv/src/main/scala/com/scoot/spark/sfdcapi/SfdcApiRelation.scala
2022.10.25 13:18:52 WARN  Unsupported sbt version 0.13.9
2022.10.25 13:18:57 INFO  no build target found for /home/wicked/Downloads/spark-csv/src/main/scala/com/scoot/spark/sfdcapi/SfdcApiRelation.scala. Using presentation compiler with project's scala-library version: 3.2.0
2022.10.25 13:19:00 INFO  time: code lens generation in 6.36s
2022.10.25 13:50:40 WARN  no build target for: /home/wicked/Downloads/spark-csv/src/main/scala/com/scoot/spark/sfdcapi/util/ParseModes.scala
2022.10.25 13:50:48 WARN  no build target for: /home/wicked/Downloads/spark-csv/src/main/scala/com/scoot/spark/sfdcapi/util/ParseModes.scala
2022.10.25 13:51:46 WARN  no build target for: /home/wicked/Downloads/spark-csv/src/main/scala/com/scoot/spark/sfdcapi/util/SfdcReader.scala
2022.10.25 13:52:14 WARN  no build target for: /home/wicked/Downloads/spark-csv/src/main/scala/com/scoot/spark/sfdcapi/DefaultSource.scala
2022.10.25 13:52:38 WARN  no build target for: /home/wicked/Downloads/spark-csv/src/main/scala/com/scoot/spark/sfdcapi/util/ParseModes.scala
Oct 25, 2022 1:54:13 PM org.eclipse.lsp4j.jsonrpc.RemoteEndpoint handleCancellation
WARNING: Unmatched cancel notification for request id 164
2022.10.25 13:55:57 WARN  no build target for: /home/wicked/Downloads/spark-csv/src/main/scala/com/scoot/spark/sfdcapi/SfdcApiRelation.scala
2022.10.25 13:56:14 WARN  no build target for: /home/wicked/Downloads/spark-csv/src/main/scala/com/scoot/spark/sfdcapi/util/ParseModes.scala
2022.10.25 13:57:31 WARN  no build target for: /home/wicked/Downloads/spark-csv/src/main/scala/com/scoot/spark/sfdcapi/SfdcApiRelation.scala
Oct 25, 2022 1:57:52 PM org.eclipse.lsp4j.jsonrpc.RemoteEndpoint handleCancellation
WARNING: Unmatched cancel notification for request id 440
2022.10.25 13:57:57 WARN  no build target for: /home/wicked/Downloads/spark-csv/src/main/scala/com/scoot/spark/sfdcapi/SfdcApiRelation.scala
2022.10.25 13:58:46 WARN  no build target for: /home/wicked/Downloads/spark-csv/src/main/scala/com/scoot/spark/sfdcapi/DefaultSource.scala
2022.10.25 14:43:27 WARN  no build target for: /home/wicked/Downloads/spark-csv/src/main/scala/com/scoot/spark/sfdcapi/SfdcApiRelation.scala
2022.10.25 14:44:03 WARN  no build target for: /home/wicked/Downloads/spark-csv/src/main/scala/com/scoot/spark/sfdcapi/util/SfdcReader.scala
2022.10.25 14:44:05 WARN  no build target for: /home/wicked/Downloads/spark-csv/src/main/scala/com/scoot/spark/sfdcapi/util/SfdcReader.scala
2022.10.25 14:47:19 WARN  no build target for: /home/wicked/Downloads/spark-csv/src/main/scala/com/scoot/spark/sfdcapi/SfdcApiRelation.scala
2022.10.25 14:48:31 WARN  no build target for: /home/wicked/Downloads/spark-csv/src/main/scala/com/scoot/spark/sfdcapi/SfdcApiRelation.scala
2022.10.25 14:54:41 WARN  no build target for: /home/wicked/Downloads/spark-csv/src/main/scala/com/scoot/spark/sfdcapi/util/SfdcReader.scala
2022.10.25 14:55:21 WARN  no build target for: /home/wicked/Downloads/spark-csv/src/main/scala/com/scoot/spark/sfdcapi/util/SfdcReader.scala
2022.10.25 14:55:30 WARN  no build target for: /home/wicked/Downloads/spark-csv/src/main/scala/com/scoot/spark/sfdcapi/DefaultSource.scala
2022.10.25 14:56:28 WARN  no build target for: /home/wicked/Downloads/spark-csv/src/main/scala/com/scoot/spark/sfdcapi/SfdcApiRelation.scala
2022.10.25 15:02:24 WARN  no build target for: /home/wicked/Downloads/spark-csv/src/main/scala/com/scoot/spark/sfdcapi/SfdcApiRelation.scala
2022.10.25 15:06:23 INFO  tracing is disabled for protocol LSP, to enable tracing of incoming and outgoing JSON messages create an empty file at /home/wicked/Downloads/spark-csv/.metals/lsp.trace.json or /home/wicked/.cache/metals/lsp.trace.json
2022.10.25 15:06:24 INFO  logging to file /home/wicked/Downloads/spark-csv/.metals/metals.log
2022.10.25 15:06:24 INFO  Started: Metals version 0.11.9 in workspace '/home/wicked/Downloads/spark-csv' for client Visual Studio Code 1.71.0.
2022.10.25 15:06:29 INFO  time: initialize in 5.65s
2022.10.25 15:06:31 WARN  Build server is not auto-connectable.
2022.10.25 15:06:31 WARN  Unsupported sbt version 0.13.9
2022.10.25 15:06:31 WARN  no build target for: /home/wicked/Downloads/spark-csv/src/main/scala/com/scoot/spark/sfdcapi/DefaultSource.scala
2022.10.25 15:06:31 WARN  no build target for: /home/wicked/Downloads/spark-csv/src/main/scala/com/scoot/spark/sfdcapi/util/ParseModes.scala
2022.10.25 15:06:31 WARN  no build target for: /home/wicked/Downloads/spark-csv/src/main/scala/com/scoot/spark/sfdcapi/util/SfdcReader.scala
2022.10.25 15:06:31 WARN  no build target for: /home/wicked/Downloads/spark-csv/src/main/scala/com/scoot/spark/sfdcapi/SfdcApiRelation.scala
2022.10.25 15:06:35 INFO  no build target found for /home/wicked/Downloads/spark-csv/src/main/scala/com/scoot/spark/sfdcapi/SfdcApiRelation.scala. Using presentation compiler with project's scala-library version: 3.2.0
2022.10.25 15:06:38 INFO  time: code lens generation in 6.58s
2022.10.25 15:07:33 INFO  tracing is disabled for protocol LSP, to enable tracing of incoming and outgoing JSON messages create an empty file at /home/wicked/Downloads/spark-csv/.metals/lsp.trace.json or /home/wicked/.cache/metals/lsp.trace.json
2022.10.25 15:07:34 INFO  logging to file /home/wicked/Downloads/spark-csv/.metals/metals.log
2022.10.25 15:07:34 INFO  Started: Metals version 0.11.9 in workspace '/home/wicked/Downloads/spark-csv' for client Visual Studio Code 1.71.0.
2022.10.25 15:07:40 INFO  time: initialize in 5.82s
2022.10.25 15:07:42 WARN  Build server is not auto-connectable.
2022.10.25 15:07:42 WARN  no build target for: /home/wicked/Downloads/spark-csv/src/main/scala/com/scoot/spark/sfdcapi/DefaultSource.scala
2022.10.25 15:07:42 WARN  Unsupported sbt version 0.13.9
2022.10.25 15:07:42 WARN  no build target for: /home/wicked/Downloads/spark-csv/src/main/scala/com/scoot/spark/sfdcapi/util/SfdcReader.scala
2022.10.25 15:07:42 WARN  no build target for: /home/wicked/Downloads/spark-csv/src/main/scala/com/scoot/spark/sfdcapi/util/ParseModes.scala
2022.10.25 15:07:42 WARN  no build target for: /home/wicked/Downloads/spark-csv/src/main/scala/com/scoot/spark/sfdcapi/SfdcApiRelation.scala
2022.10.25 15:07:46 INFO  no build target found for /home/wicked/Downloads/spark-csv/src/main/scala/com/scoot/spark/sfdcapi/util/ParseModes.scala. Using presentation compiler with project's scala-library version: 3.2.0
2022.10.25 15:07:49 INFO  time: code lens generation in 6.85s
2022.10.25 15:15:37 WARN  no build target for: /home/wicked/Downloads/spark-csv/build.sbt
2022.10.25 15:16:14 WARN  no build target for: /home/wicked/Downloads/spark-csv/build.sbt
2022.10.25 15:16:14 WARN  Unsupported sbt version 0.13.9
2022.10.25 15:26:52 WARN  no build target for: /home/wicked/Downloads/spark-csv/project/plugins.sbt
2022.10.25 15:34:44 WARN  no build target for: /home/wicked/Downloads/spark-csv/project/assembly.sbt
2022.10.25 15:38:19 WARN  no build target for: /home/wicked/Downloads/spark-csv/project/plugins.sbt
Oct 25, 2022 3:39:15 PM org.eclipse.lsp4j.jsonrpc.RemoteEndpoint handleNotification
WARNING: Notification threw an exception: {
  "jsonrpc": "2.0",
  "method": "workspace/didChangeWatchedFiles",
  "params": {
    "changes": [
      {
        "uri": "file:///home/wicked/Downloads/spark-csv/project/1plugins.sbt",
        "type": 1
      },
      {
        "uri": "file:///home/wicked/Downloads/spark-csv/project/plugins.sbt",
        "type": 3
      }
    ]
  }
}
java.lang.RuntimeException: java.lang.reflect.InvocationTargetException
	at org.eclipse.lsp4j.jsonrpc.services.GenericEndpoint.lambda$null$0(GenericEndpoint.java:67)
	at org.eclipse.lsp4j.jsonrpc.services.GenericEndpoint.notify(GenericEndpoint.java:152)
	at org.eclipse.lsp4j.jsonrpc.RemoteEndpoint.handleNotification(RemoteEndpoint.java:220)
	at org.eclipse.lsp4j.jsonrpc.RemoteEndpoint.consume(RemoteEndpoint.java:187)
	at org.eclipse.lsp4j.jsonrpc.json.StreamMessageProducer.handleMessage(StreamMessageProducer.java:194)
	at org.eclipse.lsp4j.jsonrpc.json.StreamMessageProducer.listen(StreamMessageProducer.java:94)
	at org.eclipse.lsp4j.jsonrpc.json.ConcurrentMessageProcessor.run(ConcurrentMessageProcessor.java:113)
	at java.base/java.util.concurrent.Executors$RunnableAdapter.call(Executors.java:515)
	at java.base/java.util.concurrent.FutureTask.run(FutureTask.java:264)
	at java.base/java.util.concurrent.ThreadPoolExecutor.runWorker(ThreadPoolExecutor.java:1128)
	at java.base/java.util.concurrent.ThreadPoolExecutor$Worker.run(ThreadPoolExecutor.java:628)
	at java.base/java.lang.Thread.run(Thread.java:829)
Caused by: java.lang.reflect.InvocationTargetException
	at java.base/jdk.internal.reflect.NativeMethodAccessorImpl.invoke0(Native Method)
	at java.base/jdk.internal.reflect.NativeMethodAccessorImpl.invoke(NativeMethodAccessorImpl.java:62)
	at java.base/jdk.internal.reflect.DelegatingMethodAccessorImpl.invoke(DelegatingMethodAccessorImpl.java:43)
	at java.base/java.lang.reflect.Method.invoke(Method.java:566)
	at org.eclipse.lsp4j.jsonrpc.services.GenericEndpoint.lambda$null$0(GenericEndpoint.java:65)
	... 11 more
Caused by: java.nio.file.NoSuchFileException: /home/wicked/Downloads/spark-csv/project/plugins.sbt
	at java.base/sun.nio.fs.UnixException.translateToIOException(UnixException.java:92)
	at java.base/sun.nio.fs.UnixException.rethrowAsIOException(UnixException.java:111)
	at java.base/sun.nio.fs.UnixException.rethrowAsIOException(UnixException.java:116)
	at java.base/sun.nio.fs.UnixFileSystemProvider.newByteChannel(UnixFileSystemProvider.java:219)
	at java.base/java.nio.file.Files.newByteChannel(Files.java:371)
	at java.base/java.nio.file.Files.newByteChannel(Files.java:422)
	at java.base/java.nio.file.Files.readAllBytes(Files.java:3206)
	at scala.meta.internal.io.PlatformFileIO$.slurp(PlatformFileIO.scala:45)
	at scala.meta.internal.io.FileIO$.slurp(FileIO.scala:24)
	at scala.meta.internal.metals.MetalsLanguageServer.$anonfun$onChange$1(MetalsLanguageServer.scala:1459)
	at scala.meta.internal.metals.MetalsLanguageServer.$anonfun$onChange$1$adapted(MetalsLanguageServer.scala:1458)
	at scala.collection.immutable.List.foreach(List.scala:333)
	at scala.meta.internal.metals.MetalsLanguageServer.onChange(MetalsLanguageServer.scala:1458)
	at scala.meta.internal.metals.MetalsLanguageServer.didChangeWatchedFiles(MetalsLanguageServer.scala:1401)
	... 16 more

Oct 25, 2022 3:39:19 PM org.eclipse.lsp4j.jsonrpc.RemoteEndpoint handleNotification
WARNING: Notification threw an exception: {
  "jsonrpc": "2.0",
  "method": "workspace/didChangeWatchedFiles",
  "params": {
    "changes": [
      {
        "uri": "file:///home/wicked/Downloads/spark-csv/project/1assembly.sbt",
        "type": 1
      },
      {
        "uri": "file:///home/wicked/Downloads/spark-csv/project/assembly.sbt",
        "type": 3
      }
    ]
  }
}
java.lang.RuntimeException: java.lang.reflect.InvocationTargetException
	at org.eclipse.lsp4j.jsonrpc.services.GenericEndpoint.lambda$null$0(GenericEndpoint.java:67)
	at org.eclipse.lsp4j.jsonrpc.services.GenericEndpoint.notify(GenericEndpoint.java:152)
	at org.eclipse.lsp4j.jsonrpc.RemoteEndpoint.handleNotification(RemoteEndpoint.java:220)
	at org.eclipse.lsp4j.jsonrpc.RemoteEndpoint.consume(RemoteEndpoint.java:187)
	at org.eclipse.lsp4j.jsonrpc.json.StreamMessageProducer.handleMessage(StreamMessageProducer.java:194)
	at org.eclipse.lsp4j.jsonrpc.json.StreamMessageProducer.listen(StreamMessageProducer.java:94)
	at org.eclipse.lsp4j.jsonrpc.json.ConcurrentMessageProcessor.run(ConcurrentMessageProcessor.java:113)
	at java.base/java.util.concurrent.Executors$RunnableAdapter.call(Executors.java:515)
	at java.base/java.util.concurrent.FutureTask.run(FutureTask.java:264)
	at java.base/java.util.concurrent.ThreadPoolExecutor.runWorker(ThreadPoolExecutor.java:1128)
	at java.base/java.util.concurrent.ThreadPoolExecutor$Worker.run(ThreadPoolExecutor.java:628)
	at java.base/java.lang.Thread.run(Thread.java:829)
Caused by: java.lang.reflect.InvocationTargetException
	at java.base/jdk.internal.reflect.NativeMethodAccessorImpl.invoke0(Native Method)
	at java.base/jdk.internal.reflect.NativeMethodAccessorImpl.invoke(NativeMethodAccessorImpl.java:62)
	at java.base/jdk.internal.reflect.DelegatingMethodAccessorImpl.invoke(DelegatingMethodAccessorImpl.java:43)
	at java.base/java.lang.reflect.Method.invoke(Method.java:566)
	at org.eclipse.lsp4j.jsonrpc.services.GenericEndpoint.lambda$null$0(GenericEndpoint.java:65)
	... 11 more
Caused by: java.nio.file.NoSuchFileException: /home/wicked/Downloads/spark-csv/project/assembly.sbt
	at java.base/sun.nio.fs.UnixException.translateToIOException(UnixException.java:92)
	at java.base/sun.nio.fs.UnixException.rethrowAsIOException(UnixException.java:111)
	at java.base/sun.nio.fs.UnixException.rethrowAsIOException(UnixException.java:116)
	at java.base/sun.nio.fs.UnixFileSystemProvider.newByteChannel(UnixFileSystemProvider.java:219)
	at java.base/java.nio.file.Files.newByteChannel(Files.java:371)
	at java.base/java.nio.file.Files.newByteChannel(Files.java:422)
	at java.base/java.nio.file.Files.readAllBytes(Files.java:3206)
	at scala.meta.internal.io.PlatformFileIO$.slurp(PlatformFileIO.scala:45)
	at scala.meta.internal.io.FileIO$.slurp(FileIO.scala:24)
	at scala.meta.internal.metals.MetalsLanguageServer.$anonfun$onChange$1(MetalsLanguageServer.scala:1459)
	at scala.meta.internal.metals.MetalsLanguageServer.$anonfun$onChange$1$adapted(MetalsLanguageServer.scala:1458)
	at scala.collection.immutable.List.foreach(List.scala:333)
	at scala.meta.internal.metals.MetalsLanguageServer.onChange(MetalsLanguageServer.scala:1458)
	at scala.meta.internal.metals.MetalsLanguageServer.didChangeWatchedFiles(MetalsLanguageServer.scala:1401)
	... 16 more

2022.10.25 15:40:46 WARN  no build target for: /home/wicked/Downloads/spark-csv/project/1assembly.sbt
Oct 25, 2022 3:40:52 PM org.eclipse.lsp4j.jsonrpc.RemoteEndpoint handleNotification
WARNING: Notification threw an exception: {
  "jsonrpc": "2.0",
  "method": "workspace/didChangeWatchedFiles",
  "params": {
    "changes": [
      {
        "uri": "file:///home/wicked/Downloads/spark-csv/project/1assembly.sbt",
        "type": 3
      },
      {
        "uri": "file:///home/wicked/Downloads/spark-csv/project/1plugins.sbt",
        "type": 3
      }
    ]
  }
}
java.lang.RuntimeException: java.lang.reflect.InvocationTargetException
	at org.eclipse.lsp4j.jsonrpc.services.GenericEndpoint.lambda$null$0(GenericEndpoint.java:67)
	at org.eclipse.lsp4j.jsonrpc.services.GenericEndpoint.notify(GenericEndpoint.java:152)
	at org.eclipse.lsp4j.jsonrpc.RemoteEndpoint.handleNotification(RemoteEndpoint.java:220)
	at org.eclipse.lsp4j.jsonrpc.RemoteEndpoint.consume(RemoteEndpoint.java:187)
	at org.eclipse.lsp4j.jsonrpc.json.StreamMessageProducer.handleMessage(StreamMessageProducer.java:194)
	at org.eclipse.lsp4j.jsonrpc.json.StreamMessageProducer.listen(StreamMessageProducer.java:94)
	at org.eclipse.lsp4j.jsonrpc.json.ConcurrentMessageProcessor.run(ConcurrentMessageProcessor.java:113)
	at java.base/java.util.concurrent.Executors$RunnableAdapter.call(Executors.java:515)
	at java.base/java.util.concurrent.FutureTask.run(FutureTask.java:264)
	at java.base/java.util.concurrent.ThreadPoolExecutor.runWorker(ThreadPoolExecutor.java:1128)
	at java.base/java.util.concurrent.ThreadPoolExecutor$Worker.run(ThreadPoolExecutor.java:628)
	at java.base/java.lang.Thread.run(Thread.java:829)
Caused by: java.lang.reflect.InvocationTargetException
	at java.base/jdk.internal.reflect.NativeMethodAccessorImpl.invoke0(Native Method)
	at java.base/jdk.internal.reflect.NativeMethodAccessorImpl.invoke(NativeMethodAccessorImpl.java:62)
	at java.base/jdk.internal.reflect.DelegatingMethodAccessorImpl.invoke(DelegatingMethodAccessorImpl.java:43)
	at java.base/java.lang.reflect.Method.invoke(Method.java:566)
	at org.eclipse.lsp4j.jsonrpc.services.GenericEndpoint.lambda$null$0(GenericEndpoint.java:65)
	... 11 more
Caused by: java.nio.file.NoSuchFileException: /home/wicked/Downloads/spark-csv/project/1assembly.sbt
	at java.base/sun.nio.fs.UnixException.translateToIOException(UnixException.java:92)
	at java.base/sun.nio.fs.UnixException.rethrowAsIOException(UnixException.java:111)
	at java.base/sun.nio.fs.UnixException.rethrowAsIOException(UnixException.java:116)
	at java.base/sun.nio.fs.UnixFileSystemProvider.newByteChannel(UnixFileSystemProvider.java:219)
	at java.base/java.nio.file.Files.newByteChannel(Files.java:371)
	at java.base/java.nio.file.Files.newByteChannel(Files.java:422)
	at java.base/java.nio.file.Files.readAllBytes(Files.java:3206)
	at scala.meta.internal.io.PlatformFileIO$.slurp(PlatformFileIO.scala:45)
	at scala.meta.internal.io.FileIO$.slurp(FileIO.scala:24)
	at scala.meta.internal.metals.MetalsLanguageServer.$anonfun$onChange$1(MetalsLanguageServer.scala:1459)
	at scala.meta.internal.metals.MetalsLanguageServer.$anonfun$onChange$1$adapted(MetalsLanguageServer.scala:1458)
	at scala.collection.immutable.List.foreach(List.scala:333)
	at scala.meta.internal.metals.MetalsLanguageServer.onChange(MetalsLanguageServer.scala:1458)
	at scala.meta.internal.metals.MetalsLanguageServer.didChangeWatchedFiles(MetalsLanguageServer.scala:1401)
	... 16 more

2022.10.25 15:41:36 WARN  no build target for: /home/wicked/Downloads/spark-csv/build.sbt
2022.10.25 15:42:18 WARN  no build target for: /home/wicked/Downloads/spark-csv/build.sbt
2022.10.25 15:42:18 INFO  skipping build import with status 'Dismissed'
2022.10.25 15:42:24 WARN  no build target for: /home/wicked/Downloads/spark-csv/build.sbt
2022.10.25 15:42:24 INFO  skipping build import with status 'Dismissed'
2022.10.25 15:42:39 WARN  no build target for: /home/wicked/Downloads/spark-csv/build.sbt
2022.10.25 15:42:39 INFO  skipping build import with status 'Dismissed'
2022.10.25 15:43:17 WARN  no build target for: /home/wicked/Downloads/spark-csv/build.sbt
2022.10.25 15:43:17 INFO  skipping build import with status 'Dismissed'
2022.10.25 15:43:39 WARN  no build target for: /home/wicked/Downloads/spark-csv/build.sbt
2022.10.25 15:44:15 WARN  no build target for: /home/wicked/Downloads/spark-csv/build.sbt
2022.10.25 15:44:15 INFO  skipping build import with status 'Dismissed'
2022.10.25 15:45:38 WARN  no build target for: /home/wicked/Downloads/spark-csv/build.sbt
2022.10.25 15:45:38 INFO  skipping build import with status 'Dismissed'
2022.10.25 15:46:23 WARN  no build target for: /home/wicked/Downloads/spark-csv/build.sbt
2022.10.25 15:48:55 WARN  no build target for: /home/wicked/Downloads/spark-csv/build.sbt
2022.10.25 15:52:38 WARN  no build target for: /home/wicked/Downloads/spark-csv/src/main/scala/com/scoot/spark/sfdcapi/DefaultSource.scala
2022.10.25 15:54:06 WARN  no build target for: /home/wicked/Downloads/spark-csv/src/main/scala/com/scoot/spark/sfdcapi/DefaultSource.scala
2022.10.25 15:54:37 WARN  no build target for: /home/wicked/Downloads/spark-csv/src/main/scala/com/scoot/spark/sfdcapi/DefaultSource.scala
2022.10.25 15:55:06 WARN  no build target for: /home/wicked/Downloads/spark-csv/src/main/scala/com/scoot/spark/sfdcapi/util/SfdcReader.scala
2022.10.25 15:55:33 WARN  no build target for: /home/wicked/Downloads/spark-csv/src/main/scala/com/scoot/spark/sfdcapi/SfdcApiRelation.scala
2022.10.25 15:57:22 WARN  no build target for: /home/wicked/Downloads/spark-csv/src/main/scala/com/scoot/spark/sfdcapi/util/SfdcReader.scala
2022.10.25 15:58:48 WARN  no build target for: /home/wicked/Downloads/spark-csv/src/main/scala/com/scoot/spark/sfdcapi/SfdcApiRelation.scala
2022.10.25 16:06:47 WARN  no build target for: /home/wicked/Downloads/spark-csv/src/main/scala/com/scoot/spark/sfdcapi/util/SfdcReader.scala
2022.10.25 16:06:53 WARN  no build target for: /home/wicked/Downloads/spark-csv/src/main/scala/com/scoot/spark/sfdcapi/SfdcApiRelation.scala
2022.10.26 12:56:12 INFO  tracing is disabled for protocol LSP, to enable tracing of incoming and outgoing JSON messages create an empty file at /home/wicked/Downloads/spark-csv/.metals/lsp.trace.json or /home/wicked/.cache/metals/lsp.trace.json
2022.10.26 12:56:13 INFO  logging to file /home/wicked/Downloads/spark-csv/.metals/metals.log
2022.10.26 12:56:13 INFO  Started: Metals version 0.11.9 in workspace '/home/wicked/Downloads/spark-csv' for client Visual Studio Code 1.71.0.
2022.10.26 12:56:15 INFO  time: initialize in 2.4s
2022.10.26 12:56:18 WARN  Build server is not auto-connectable.
2022.10.26 12:56:18 WARN  no build target for: /home/wicked/Downloads/spark-csv/src/main/scala/com/scoot/spark/sfdcapi/SfdcApiRelation.scala
2022.10.26 12:56:23 INFO  no build target found for /home/wicked/Downloads/spark-csv/src/main/scala/com/scoot/spark/sfdcapi/SfdcApiRelation.scala. Using presentation compiler with project's scala-library version: 3.2.0
2022.10.26 12:56:27 INFO  time: code lens generation in 3.44s
2022.10.26 12:56:27 INFO  time: code lens generation in 8.03s
2022.10.27 12:51:01 WARN  no build target for: /home/wicked/Downloads/spark-csv/src/main/scala/com/scoot/spark/sfdcapi/DefaultSource.scala
2022.10.27 12:51:04 WARN  no build target for: /home/wicked/Downloads/spark-csv/src/main/scala/com/scoot/spark/sfdcapi/util/SfdcReader.scala
2022.10.27 12:51:11 WARN  no build target for: /home/wicked/Downloads/spark-csv/src/main/scala/com/scoot/spark/sfdcapi/SfdcApiRelation.scala
Oct 27, 2022 12:52:17 PM org.eclipse.lsp4j.jsonrpc.RemoteEndpoint handleCancellation
WARNING: Unmatched cancel notification for request id 73
2022.10.27 12:52:36 WARN  no build target for: /home/wicked/Downloads/spark-csv/src/main/scala/com/scoot/spark/sfdcapi/util/SfdcReader.scala
2022.10.27 12:53:50 WARN  no build target for: /home/wicked/Downloads/spark-csv/src/main/scala/com/scoot/spark/sfdcapi/SfdcApiRelation.scala
2022.10.27 12:54:17 WARN  no build target for: /home/wicked/Downloads/spark-csv/src/main/scala/com/scoot/spark/sfdcapi/SfdcApiRelation.scala
2022.10.27 12:55:23 WARN  no build target for: /home/wicked/Downloads/spark-csv/src/main/scala/com/scoot/spark/sfdcapi/util/SfdcReader.scala
2022.10.27 12:55:49 WARN  no build target for: /home/wicked/Downloads/spark-csv/src/main/scala/com/scoot/spark/sfdcapi/util/SfdcReader.scala
2022.10.27 12:56:30 WARN  no build target for: /home/wicked/Downloads/spark-csv/src/main/scala/com/scoot/spark/sfdcapi/SfdcApiRelation.scala
2022.10.27 12:56:51 WARN  no build target for: /home/wicked/Downloads/spark-csv/src/main/scala/com/scoot/spark/sfdcapi/SfdcApiRelation.scala
2022.10.27 12:56:59 WARN  no build target for: /home/wicked/Downloads/spark-csv/src/main/scala/com/scoot/spark/sfdcapi/SfdcApiRelation.scala
2022.10.27 13:12:52 WARN  no build target for: /home/wicked/Downloads/spark-csv/src/main/scala/com/scoot/spark/sfdcapi/DefaultSource.scala
2022.10.27 13:13:13 WARN  no build target for: /home/wicked/Downloads/spark-csv/src/main/scala/com/scoot/spark/sfdcapi/DefaultSource.scala
2022.10.27 13:13:57 WARN  no build target for: /home/wicked/Downloads/spark-csv/src/main/scala/com/scoot/spark/sfdcapi/SfdcApiRelation.scala
2022.10.27 13:15:24 WARN  no build target for: /home/wicked/Downloads/spark-csv/src/main/scala/com/scoot/spark/sfdcapi/SfdcApiRelation.scala
2022.10.27 13:15:49 WARN  no build target for: /home/wicked/Downloads/spark-csv/src/main/scala/com/scoot/spark/sfdcapi/util/InferSchema.scala
2022.10.27 13:17:03 WARN  no build target for: /home/wicked/Downloads/spark-csv/src/main/scala/com/scoot/spark/sfdcapi/SfdcApiRelation.scala
2022.10.27 13:18:26 WARN  no build target for: /home/wicked/Downloads/spark-csv/src/main/scala/com/scoot/spark/sfdcapi/DefaultSource.scala
2022.10.27 13:18:38 WARN  no build target for: /home/wicked/Downloads/spark-csv/src/main/scala/com/scoot/spark/sfdcapi/DefaultSource.scala
2022.10.27 13:19:05 WARN  no build target for: /home/wicked/Downloads/spark-csv/src/test/scala/com/databricks/spark/csv/CsvSuite.scala
2022.10.27 13:19:43 WARN  no build target for: /home/wicked/Downloads/spark-csv/src/test/scala/com/databricks/spark/csv/util/CompressionCodecsSuite.scala
2022.10.27 13:19:49 WARN  no build target for: /home/wicked/Downloads/spark-csv/src/test/scala/com/databricks/spark/csv/readers/ReaderSuite.scala
2022.10.27 13:20:31 WARN  no build target for: /home/wicked/Downloads/spark-csv/src/test/scala/com/scoot/spark/sfdcapi/TestSfdcSource.scala
2022.10.27 13:20:47 WARN  no build target for: /home/wicked/Downloads/spark-csv/src/test/scala/com/scoot/spark/sfdcapi/TestSfdcSource.scala
2022.10.27 13:22:10 WARN  no build target for: /home/wicked/Downloads/spark-csv/src/test/scala/com/scoot/spark/sfdcapi/TestSfdcSource.scala
2022.10.27 13:23:20 WARN  no build target for: /home/wicked/Downloads/spark-csv/src/test/scala/com/scoot/spark/sfdcapi/TestSfdcSource.scala
2022.10.27 13:24:08 WARN  no build target for: /home/wicked/Downloads/spark-csv/src/test/scala/com/scoot/spark/sfdcapi/TestSfdcSource.scala
2022.10.27 13:25:40 WARN  no build target for: /home/wicked/Downloads/spark-csv/src/test/scala/com/scoot/spark/sfdcapi/TestSfdcSource.scala
2022.10.27 13:26:10 WARN  no build target for: /home/wicked/Downloads/spark-csv/src/test/scala/com/scoot/spark/sfdcapi/TestSfdcSource.scala
2022.10.27 13:26:36 WARN  no build target for: /home/wicked/Downloads/spark-csv/src/test/scala/com/scoot/spark/sfdcapi/TestSfdcSource.scala
2022.10.27 13:26:54 WARN  no build target for: /home/wicked/Downloads/spark-csv/build.sbt
2022.10.27 13:27:52 WARN  no build target for: /home/wicked/Downloads/spark-csv/build.sbt
2022.10.27 13:29:25 WARN  no build target for: /home/wicked/Downloads/spark-csv/src/test/scala/com/scoot/spark/sfdcapi/TestSfdcSource.scala
2022.10.27 13:29:30 WARN  no build target for: /home/wicked/Downloads/spark-csv/src/test/scala/com/scoot/spark/sfdcapi/TestSfdcSource.scala
2022.10.27 13:30:57 WARN  no build target for: /home/wicked/Downloads/spark-csv/src/main/scala/com/scoot/spark/sfdcapi/sample.scala
2022.10.27 13:31:16 WARN  no build target for: /home/wicked/Downloads/spark-csv/src/main/scala/com/scoot/spark/sfdcapi/sample.scala
2022.10.27 13:31:41 WARN  no build target for: /home/wicked/Downloads/spark-csv/src/main/scala/com/scoot/spark/sfdcapi/TestSfdcApi.scala
2022.10.27 13:32:34 WARN  no build target for: /home/wicked/Downloads/spark-csv/src/main/scala/com/scoot/spark/sfdcapi/TestSfdcApi.scala
2022.10.27 13:35:45 WARN  no build target for: /home/wicked/Downloads/spark-csv/src/main/scala/com/scoot/spark/sfdcapi/TestSfdcApi.scala
2022.10.27 13:35:56 WARN  no build target for: /home/wicked/Downloads/spark-csv/src/main/scala/com/scoot/spark/sfdcapi/TestSfdcApi.scala
2022.10.27 13:36:15 WARN  no build target for: /home/wicked/Downloads/spark-csv/src/main/scala/com/scoot/spark/sfdcapi/TestSfdcApi.scala
2022.10.27 13:36:19 WARN  no build target for: /home/wicked/Downloads/spark-csv/src/main/scala/com/scoot/spark/sfdcapi/TestSfdcApi.scala
2022.10.27 13:37:17 WARN  no build target for: /home/wicked/Downloads/spark-csv/src/main/scala/com/scoot/spark/sfdcapi/TestSfdcApi.scala
2022.10.27 13:37:35 WARN  no build target for: /home/wicked/Downloads/spark-csv/src/main/scala/com/scoot/spark/sfdcapi/TestSfdcApi.scala
2022.10.27 13:48:42 WARN  no build target for: /home/wicked/Downloads/spark-csv/src/main/scala/com/scoot/spark/sfdcapi/TestSfdcApi.scala
2022.10.27 13:51:12 WARN  no build target for: /home/wicked/Downloads/spark-csv/src/main/scala/com/scoot/spark/sfdcapi/TestSfdcApi.scala
2022.10.27 13:51:45 WARN  no build target for: /home/wicked/Downloads/spark-csv/src/main/scala/com/scoot/spark/sfdcapi/TestSfdcApi.scala
2022.10.27 13:52:12 WARN  no build target for: /home/wicked/Downloads/spark-csv/src/main/scala/com/scoot/spark/sfdcapi/TestSfdcApi.scala
2022.10.27 13:52:37 WARN  no build target for: /home/wicked/Downloads/spark-csv/src/main/scala/com/scoot/spark/sfdcapi/TestSfdcApi.scala
2022.10.27 13:56:38 WARN  no build target for: /home/wicked/Downloads/spark-csv/src/main/scala/com/scoot/spark/sfdcapi/SfdcApiRelation.scala
2022.10.27 13:57:04 WARN  no build target for: /home/wicked/Downloads/spark-csv/src/main/scala/com/scoot/spark/sfdcapi/TestSfdcApi.scala
2022.10.27 14:01:51 WARN  no build target for: /home/wicked/Downloads/spark-csv/src/main/scala/com/scoot/spark/sfdcapi/TestSfdcApi.scala
2022.10.27 14:10:35 WARN  no build target for: /home/wicked/Downloads/spark-csv/src/main/scala/com/scoot/spark/sfdcapi/TestSfdcApi.scala
2022.10.27 14:11:30 WARN  no build target for: /home/wicked/Downloads/spark-csv/src/main/scala/com/scoot/spark/sfdcapi/TestSfdcApi.scala
2022.10.27 14:13:32 WARN  no build target for: /home/wicked/Downloads/spark-csv/src/main/scala/com/scoot/spark/sfdcapi/SfdcApiRelation.scala
2022.10.27 14:15:11 WARN  no build target for: /home/wicked/Downloads/spark-csv/src/main/scala/com/scoot/spark/sfdcapi/SfdcApiRelation.scala
2022.10.27 14:15:19 WARN  no build target for: /home/wicked/Downloads/spark-csv/src/main/scala/com/scoot/spark/sfdcapi/TestSfdcApi.scala
2022.10.27 14:16:14 WARN  no build target for: /home/wicked/Downloads/spark-csv/src/main/scala/com/scoot/spark/sfdcapi/SfdcApiRelation.scala
2022.10.27 14:16:47 WARN  no build target for: /home/wicked/Downloads/spark-csv/src/main/scala/com/scoot/spark/sfdcapi/SfdcApiRelation.scala
2022.10.27 14:16:52 WARN  no build target for: /home/wicked/Downloads/spark-csv/src/main/scala/com/scoot/spark/sfdcapi/TestSfdcApi.scala
2022.10.27 14:17:13 WARN  no build target for: /home/wicked/Downloads/spark-csv/src/main/scala/com/scoot/spark/sfdcapi/TestSfdcApi.scala
2022.10.27 14:17:16 WARN  no build target for: /home/wicked/Downloads/spark-csv/src/main/scala/com/scoot/spark/sfdcapi/TestSfdcApi.scala
2022.10.27 14:17:42 WARN  no build target for: /home/wicked/Downloads/spark-csv/src/main/scala/com/scoot/spark/sfdcapi/TestSfdcApi.scala
2022.10.27 14:18:57 WARN  no build target for: /home/wicked/Downloads/spark-csv/src/main/scala/com/scoot/spark/sfdcapi/TestSfdcApi.scala
2022.10.27 14:19:25 WARN  no build target for: /home/wicked/Downloads/spark-csv/src/main/scala/com/scoot/spark/sfdcapi/TestSfdcApi.scala
2022.10.27 14:19:30 WARN  no build target for: /home/wicked/Downloads/spark-csv/src/main/scala/com/scoot/spark/sfdcapi/TestSfdcApi.scala
2022.10.27 14:22:32 WARN  no build target for: /home/wicked/Downloads/spark-csv/src/main/scala/com/scoot/spark/sfdcapi/TestSfdcApi.scala
2022.10.27 15:38:55 WARN  no build target for: /home/wicked/Downloads/spark-csv/src/main/scala/com/scoot/spark/sfdcapi/SfdcApiRelation.scala
2022.10.27 15:39:29 WARN  no build target for: /home/wicked/Downloads/spark-csv/src/main/scala/com/scoot/spark/sfdcapi/SfdcApiRelation.scala
2022.10.27 16:12:50 WARN  no build target for: /home/wicked/Downloads/spark-csv/src/main/scala/com/scoot/spark/sfdcapi/SfdcApiRelation.scala
2022.10.27 16:14:18 WARN  no build target for: /home/wicked/Downloads/spark-csv/src/main/scala/com/scoot/spark/sfdcapi/SfdcApiRelation.scala
2022.10.27 16:19:34 WARN  no build target for: /home/wicked/Downloads/spark-csv/src/main/scala/com/scoot/spark/sfdcapi/SfdcApiRelation.scala
2022.10.27 16:21:22 WARN  no build target for: /home/wicked/Downloads/spark-csv/src/main/scala/com/scoot/spark/sfdcapi/SfdcApiRelation.scala
2022.10.27 16:21:27 WARN  no build target for: /home/wicked/Downloads/spark-csv/src/main/scala/com/scoot/spark/sfdcapi/SfdcApiRelation.scala
2022.10.27 16:21:38 WARN  no build target for: /home/wicked/Downloads/spark-csv/src/main/scala/com/scoot/spark/sfdcapi/SfdcApiRelation.scala
2022.10.27 16:21:50 WARN  no build target for: /home/wicked/Downloads/spark-csv/src/main/scala/com/scoot/spark/sfdcapi/SfdcApiRelation.scala
2022.10.27 16:22:29 WARN  no build target for: /home/wicked/Downloads/spark-csv/src/main/scala/com/scoot/spark/sfdcapi/SfdcApiRelation.scala
2022.10.27 16:24:59 WARN  no build target for: /home/wicked/Downloads/spark-csv/src/main/scala/com/scoot/spark/sfdcapi/SfdcApiRelation.scala
2022.10.27 16:25:32 WARN  no build target for: /home/wicked/Downloads/spark-csv/src/main/scala/com/scoot/spark/sfdcapi/SfdcApiRelation.scala
2022.10.27 16:26:55 WARN  no build target for: /home/wicked/Downloads/spark-csv/src/main/scala/com/scoot/spark/sfdcapi/SfdcApiRelation.scala
2022.10.27 16:27:40 WARN  no build target for: /home/wicked/Downloads/spark-csv/src/main/scala/com/scoot/spark/sfdcapi/SfdcApiRelation.scala
2022.10.27 16:30:30 WARN  no build target for: /home/wicked/Downloads/spark-csv/src/main/scala/com/scoot/spark/sfdcapi/SfdcApiRelation.scala
2022.10.27 16:31:01 WARN  no build target for: /home/wicked/Downloads/spark-csv/src/main/scala/com/scoot/spark/sfdcapi/SfdcApiRelation.scala
2022.10.27 16:31:02 WARN  no build target for: /home/wicked/Downloads/spark-csv/src/main/scala/com/scoot/spark/sfdcapi/SfdcApiRelation.scala
2022.10.27 16:32:08 WARN  no build target for: /home/wicked/Downloads/spark-csv/src/main/scala/com/scoot/spark/sfdcapi/SfdcApiRelation.scala
2022.10.27 16:32:20 WARN  no build target for: /home/wicked/Downloads/spark-csv/src/main/scala/com/scoot/spark/sfdcapi/SfdcApiRelation.scala
2022.10.27 16:32:56 WARN  no build target for: /home/wicked/Downloads/spark-csv/src/main/scala/com/scoot/spark/sfdcapi/SfdcApiRelation.scala
2022.10.27 16:33:38 WARN  no build target for: /home/wicked/Downloads/spark-csv/src/main/scala/com/scoot/spark/sfdcapi/TestSfdcApi.scala
2022.10.27 16:34:03 WARN  no build target for: /home/wicked/Downloads/spark-csv/src/main/scala/com/scoot/spark/sfdcapi/SfdcApiRelation.scala
2022.10.27 16:34:48 WARN  no build target for: /home/wicked/Downloads/spark-csv/src/main/scala/com/scoot/spark/sfdcapi/TestSfdcApi.scala
2022.10.27 16:34:53 WARN  no build target for: /home/wicked/Downloads/spark-csv/src/main/scala/com/scoot/spark/sfdcapi/TestSfdcApi.scala
2022.10.27 16:35:04 WARN  no build target for: /home/wicked/Downloads/spark-csv/src/main/scala/com/scoot/spark/sfdcapi/TestSfdcApi.scala
2022.10.27 16:35:31 WARN  no build target for: /home/wicked/Downloads/spark-csv/src/main/scala/com/scoot/spark/sfdcapi/TestSfdcApi.scala
2022.10.27 16:35:53 WARN  no build target for: /home/wicked/Downloads/spark-csv/src/main/scala/com/scoot/spark/sfdcapi/TestSfdcApi.scala
2022.10.27 16:36:12 WARN  no build target for: /home/wicked/Downloads/spark-csv/src/main/scala/com/scoot/spark/sfdcapi/TestSfdcApi.scala
